0 info it worked if it ends with ok
1 verbose cli [ 'node', '/usr/local/bin/npm', 'install', '-g', 'bower' ]
2 info using npm@2.5.1
3 info using node@v0.12.1
4 silly cache add args [ 'bower', null ]
5 verbose cache add spec bower
6 silly cache add parsed spec { raw: 'bower',
6 silly cache add   scope: null,
6 silly cache add   name: 'bower',
6 silly cache add   rawSpec: '',
6 silly cache add   spec: '*',
6 silly cache add   type: 'range' }
7 verbose addNamed bower@*
8 silly addNamed semver.valid null
9 silly addNamed semver.validRange *
10 silly addNameRange { name: 'bower', range: '*', hasData: false }
11 silly mapToRegistry name bower
12 silly mapToRegistry using default registry
13 silly mapToRegistry registry https://registry.npmjs.org/
14 silly mapToRegistry uri https://registry.npmjs.org/bower
15 verbose addNameRange registry:https://registry.npmjs.org/bower not in flight; fetching
16 verbose request uri https://registry.npmjs.org/bower
17 verbose request no auth needed
18 info attempt registry request try #1 at 12:27:04 AM
19 verbose request id 5c92c54f8694d84e
20 http request GET https://registry.npmjs.org/bower
21 http 200 https://registry.npmjs.org/bower
22 silly get cb [ 200,
22 silly get   { server: 'CouchDB/1.5.0 (Erlang OTP/R16B03)',
22 silly get     etag: '"6E7E0KPZ2W1PF1SAUZLC9CQGC"',
22 silly get     'content-type': 'application/json',
22 silly get     'content-encoding': 'gzip',
22 silly get     'cache-control': 'max-age=300',
22 silly get     'content-length': '20450',
22 silly get     'accept-ranges': 'bytes',
22 silly get     date: 'Wed, 25 May 2016 15:27:04 GMT',
22 silly get     via: '1.1 varnish',
22 silly get     age: '228',
22 silly get     connection: 'keep-alive',
22 silly get     'x-served-by': 'cache-itm7423-ITM',
22 silly get     'x-cache': 'HIT',
22 silly get     'x-cache-hits': '1',
22 silly get     'x-timer': 'S1464190024.712072,VS0,VE0',
22 silly get     vary: 'Accept-Encoding' } ]
23 verbose get saving bower to /Users/admin/.npm/registry.npmjs.org/bower/.cache.json
24 silly addNameRange number 2 { name: 'bower', range: '*', hasData: true }
25 silly addNameRange versions [ 'bower',
25 silly addNameRange   [ '0.1.0',
25 silly addNameRange     '0.1.2',
25 silly addNameRange     '0.1.3',
25 silly addNameRange     '0.2.0',
25 silly addNameRange     '0.3.0',
25 silly addNameRange     '0.3.1',
25 silly addNameRange     '0.3.2',
25 silly addNameRange     '0.4.0',
25 silly addNameRange     '0.5.0',
25 silly addNameRange     '0.5.1',
25 silly addNameRange     '0.6.0',
25 silly addNameRange     '0.6.1',
25 silly addNameRange     '0.6.2',
25 silly addNameRange     '0.6.3',
25 silly addNameRange     '0.6.4',
25 silly addNameRange     '0.6.5',
25 silly addNameRange     '0.6.6',
25 silly addNameRange     '0.6.7',
25 silly addNameRange     '0.6.8',
25 silly addNameRange     '0.7.0',
25 silly addNameRange     '0.7.1',
25 silly addNameRange     '0.8.0',
25 silly addNameRange     '0.8.1',
25 silly addNameRange     '0.8.2',
25 silly addNameRange     '0.8.3',
25 silly addNameRange     '0.8.4',
25 silly addNameRange     '0.8.5',
25 silly addNameRange     '0.8.6',
25 silly addNameRange     '0.9.0',
25 silly addNameRange     '0.9.1',
25 silly addNameRange     '0.9.2',
25 silly addNameRange     '0.10.0',
25 silly addNameRange     '1.0.0',
25 silly addNameRange     '1.0.1',
25 silly addNameRange     '1.0.2',
25 silly addNameRange     '1.0.3',
25 silly addNameRange     '1.1.0',
25 silly addNameRange     '1.1.1',
25 silly addNameRange     '1.1.2',
25 silly addNameRange     '1.2.0',
25 silly addNameRange     '1.2.1',
25 silly addNameRange     '1.2.2',
25 silly addNameRange     '1.2.3',
25 silly addNameRange     '1.2.4',
25 silly addNameRange     '1.2.5',
25 silly addNameRange     '1.2.6',
25 silly addNameRange     '1.2.7',
25 silly addNameRange     '1.2.8',
25 silly addNameRange     '1.3.0',
25 silly addNameRange     '1.3.1',
25 silly addNameRange     '1.3.2',
25 silly addNameRange     '1.3.3',
25 silly addNameRange     '1.3.4',
25 silly addNameRange     '1.3.5',
25 silly addNameRange     '1.3.6',
25 silly addNameRange     '1.3.7',
25 silly addNameRange     '1.3.8',
25 silly addNameRange     '1.3.9',
25 silly addNameRange     '1.3.10',
25 silly addNameRange     '1.3.11',
25 silly addNameRange     '1.3.12',
25 silly addNameRange     '1.4.0',
25 silly addNameRange     '1.4.1',
25 silly addNameRange     '1.5.0',
25 silly addNameRange     '1.5.1',
25 silly addNameRange     '1.5.2',
25 silly addNameRange     '1.5.3',
25 silly addNameRange     '1.6.2',
25 silly addNameRange     '1.6.3',
25 silly addNameRange     '1.6.4',
25 silly addNameRange     '1.6.5',
25 silly addNameRange     '1.5.4',
25 silly addNameRange     '1.4.2',
25 silly addNameRange     '1.6.6',
25 silly addNameRange     '1.6.7',
25 silly addNameRange     '1.6.8',
25 silly addNameRange     '1.6.9',
25 silly addNameRange     '1.7.0',
25 silly addNameRange     '1.7.1',
25 silly addNameRange     '1.7.2',
25 silly addNameRange     '1.7.5',
25 silly addNameRange     '1.7.6',
25 silly addNameRange     '1.7.7',
25 silly addNameRange     '1.7.8',
25 silly addNameRange     '1.7.9' ] ]
26 verbose addNamed bower@1.7.9
27 silly addNamed semver.valid 1.7.9
28 silly addNamed semver.validRange 1.7.9
29 silly mapToRegistry name bower
30 silly mapToRegistry using default registry
31 silly mapToRegistry registry https://registry.npmjs.org/
32 silly mapToRegistry uri https://registry.npmjs.org/bower
33 verbose addRemoteTarball https://registry.npmjs.org/bower/-/bower-1.7.9.tgz not in flight; adding
34 verbose addRemoteTarball [ 'https://registry.npmjs.org/bower/-/bower-1.7.9.tgz',
34 verbose addRemoteTarball   'b7296c2393e0d75edaa6ca39648132dd255812b0' ]
35 info retry fetch attempt 1 at 12:27:04 AM
36 info attempt registry request try #1 at 12:27:04 AM
37 http fetch GET https://registry.npmjs.org/bower/-/bower-1.7.9.tgz
38 http fetch 200 https://registry.npmjs.org/bower/-/bower-1.7.9.tgz
39 silly fetchAndShaCheck shasum b7296c2393e0d75edaa6ca39648132dd255812b0
40 verbose addTmpTarball /var/folders/sr/9t1jf4855hd9s8dqbcj599lr0000gn/T/npm-9876-a3be0b6f/registry.npmjs.org/bower/-/bower-1.7.9.tgz not in flight; adding
41 verbose addTmpTarball already have metadata; skipping unpack for bower@1.7.9
42 silly cache afterAdd bower@1.7.9
43 verbose afterAdd /Users/admin/.npm/bower/1.7.9/package/package.json not in flight; writing
44 verbose afterAdd /Users/admin/.npm/bower/1.7.9/package/package.json written
45 silly install resolved [ { name: 'bower',
45 silly install resolved     version: '1.7.9',
45 silly install resolved     description: 'The browser package manager',
45 silly install resolved     author: { name: 'Twitter' },
45 silly install resolved     license: 'MIT',
45 silly install resolved     repository: { type: 'git', url: 'git+https://github.com/bower/bower.git' },
45 silly install resolved     main: 'lib',
45 silly install resolved     bin: { bower: 'bin/bower' },
45 silly install resolved     homepage: 'http://bower.io',
45 silly install resolved     engines: { node: '>=0.10.0' },
45 silly install resolved     keywords: [ 'bower' ],
45 silly install resolved     files: [ 'bin', 'lib' ],
45 silly install resolved     bugs: { url: 'https://github.com/bower/bower/issues' },
45 silly install resolved     _id: 'bower@1.7.9',
45 silly install resolved     scripts: {},
45 silly install resolved     _shasum: 'b7296c2393e0d75edaa6ca39648132dd255812b0',
45 silly install resolved     _from: 'bower@*',
45 silly install resolved     _npmVersion: '3.7.3',
45 silly install resolved     _nodeVersion: '5.9.0',
45 silly install resolved     _npmUser: { name: 'sheerun', email: 'sheerun@sher.pl' },
45 silly install resolved     dist:
45 silly install resolved      { shasum: 'b7296c2393e0d75edaa6ca39648132dd255812b0',
45 silly install resolved        tarball: 'https://registry.npmjs.org/bower/-/bower-1.7.9.tgz' },
45 silly install resolved     maintainers:
45 silly install resolved      [ [Object],
45 silly install resolved        [Object],
45 silly install resolved        [Object],
45 silly install resolved        [Object],
45 silly install resolved        [Object],
45 silly install resolved        [Object],
45 silly install resolved        [Object] ],
45 silly install resolved     _npmOperationalInternal:
45 silly install resolved      { host: 'packages-12-west.internal.npmjs.com',
45 silly install resolved        tmp: 'tmp/bower-1.7.9.tgz_1459857239351_0.9720134933013469' },
45 silly install resolved     directories: {},
45 silly install resolved     _resolved: 'https://registry.npmjs.org/bower/-/bower-1.7.9.tgz' } ]
46 info install bower@1.7.9 into /usr/local/lib
47 info installOne bower@1.7.9
48 verbose installOne of bower to /usr/local/lib not in flight; installing
49 warn locking Error: EACCES, open '/Users/admin/.npm/_locks/bower-e8debc5417026b57.lock'
49 warn locking     at Error (native)
49 warn locking  /Users/admin/.npm/_locks/bower-e8debc5417026b57.lock failed { [Error: EACCES, open '/Users/admin/.npm/_locks/bower-e8debc5417026b57.lock']
49 warn locking   errno: -13,
49 warn locking   code: 'EACCES',
49 warn locking   path: '/Users/admin/.npm/_locks/bower-e8debc5417026b57.lock' }
50 verbose stack Error: Attempt to unlock /usr/local/lib/node_modules/bower, which hasn't been locked
50 verbose stack     at unlock (/usr/local/lib/node_modules/npm/lib/utils/locker.js:66:11)
50 verbose stack     at cb (/usr/local/lib/node_modules/npm/lib/install.js:929:5)
50 verbose stack     at /usr/local/lib/node_modules/npm/lib/install.js:933:20
50 verbose stack     at /usr/local/lib/node_modules/npm/lib/utils/locker.js:40:9
50 verbose stack     at cb (/usr/local/lib/node_modules/npm/node_modules/lockfile/lockfile.js:149:38)
50 verbose stack     at /usr/local/lib/node_modules/npm/node_modules/lockfile/lockfile.js:177:38
50 verbose stack     at FSReqWrap.oncomplete (fs.js:99:15)
51 verbose cwd /Users/admin/Desktop/Colony/Lab/frontend
52 error Darwin 15.4.0
53 error argv "node" "/usr/local/bin/npm" "install" "-g" "bower"
54 error node v0.12.1
55 error npm  v2.5.1
56 error Attempt to unlock /usr/local/lib/node_modules/bower, which hasn't been locked
57 error If you need help, you may report this error at:
57 error     <http://github.com/npm/npm/issues>
58 verbose exit [ 1, true ]
